Added Component: Designator=U2(QFN32)
Added Pin To Net: NetName=NetR23_1 Pin=U2-1
Added Pin To Net: NetName=NetR9_2 Pin=U2-2
Added Pin To Net: NetName=NetR8_2 Pin=U2-3
Added Pin To Net: NetName=GND Pin=U2-4
Added Pin To Net: NetName=NetR15_1 Pin=U2-5
Added Pin To Net: NetName=EEIO Pin=U2-6
Added Pin To Net: NetName=EESCK Pin=U2-7
Added Pin To Net: NetName=GND Pin=U2-8
Added Pin To Net: NetName=+1.8V_AD Pin=U2-9
Added Pin To Net: NetName=EECS Pin=U2-10
Added Pin To Net: NetName=RX_P Pin=U2-11
Added Pin To Net: NetName=RX_N Pin=U2-12
Added Pin To Net: NetName=GND Pin=U2-13
Added Pin To Net: NetName=TX_P Pin=U2-14
Added Pin To Net: NetName=TX_N Pin=U2-15
Added Pin To Net: NetName=+3.3V_AD Pin=U2-16
Added Pin To Net: NetName=NetR14_1 Pin=U2-17
Added Pin To Net: NetName=GND Pin=U2-18
Added Pin To Net: NetName=NetR12_2 Pin=U2-19
Added Pin To Net: NetName=NetC4_2 Pin=U2-20
Added Pin To Net: NetName=NetC5_2 Pin=U2-21
Added Pin To Net: NetName=GND Pin=U2-22
Added Pin To Net: NetName=+1.8VDC Pin=U2-23
Added Pin To Net: NetName=GND Pin=U2-24
Added Pin To Net: NetName=VDD_IO Pin=U2-25
Added Pin To Net: NetName=NetR6_2 Pin=U2-26
Added Pin To Net: NetName=NetR7_2 Pin=U2-27
Added Pin To Net: NetName=NetR4_2 Pin=U2-28
Added Pin To Net: NetName=GND Pin=U2-29
Added Pin To Net: NetName=VDD_IO Pin=U2-30
Added Pin To Net: NetName=NetR5_2 Pin=U2-31
Added Pin To Net: NetName=NetR22_1 Pin=U2-32
Added Member To Class: ClassName=KSZ8851SNL Member=Component U2 KSZ8851SLN
