Added Component: Designator=BOOT(SW-SMD - 3x4)
Add component (AddParameter): Name = "Value"; Value = "1N4007"; VariantName = "[No Variations]"
Added Component: Designator=BT1(SW-SMD - 3x4)
Add component (AddParameter): Name = "Value"; Value = "1N4007"; VariantName = "[No Variations]"
Added Component: Designator=C1(CN-SMD-0805)
Add component (AddParameter): Name = "Designed by"; Value = "VanDungEvn"; VariantName = "[No Variations]"
Add component (AddParameter): Name = "Value"; Value = "0,1uF/300V"; VariantName = "[No Variations]"
Added Component: Designator=C2(CN-SMD-0603)
Add component (AddParameter): Name = "Designed by"; Value = "VanDungEvn"; VariantName = "[No Variations]"
Add component (AddParameter): Name = "Value"; Value = "0,1uF/300V"; VariantName = "[No Variations]"
Added Component: Designator=C3(CN-SMD-1206)
Add component (AddParameter): Name = "Designed by"; Value = "VanDungEvn"; VariantName = "[No Variations]"
Add component (AddParameter): Name = "Value"; Value = "0,1uF/300V"; VariantName = "[No Variations]"
Added Component: Designator=C4(CN-SMD-0603)
Add component (AddParameter): Name = "Designed by"; Value = "VanDungEvn"; VariantName = "[No Variations]"
Add component (AddParameter): Name = "Value"; Value = "0,1uF/300V"; VariantName = "[No Variations]"
Added Component: Designator=C5(CN-SMD-0603)
Add component (AddParameter): Name = "Designed by"; Value = "VanDungEvn"; VariantName = "[No Variations]"
Add component (AddParameter): Name = "Value"; Value = "0,1uF/300V"; VariantName = "[No Variations]"
Added Component: Designator=C6(CN-SMD-0805)
Add component (AddParameter): Name = "Designed by"; Value = "VanDungEvn"; VariantName = "[No Variations]"
Add component (AddParameter): Name = "Value"; Value = "0,1uF/300V"; VariantName = "[No Variations]"
Added Component: Designator=C7(CN-SMD-0805)
Add component (AddParameter): Name = "Designed by"; Value = "VanDungEvn"; VariantName = "[No Variations]"
Add component (AddParameter): Name = "Value"; Value = "0,1uF/300V"; VariantName = "[No Variations]"
Added Component: Designator=C8(CN-SMD-0805)
Add component (AddParameter): Name = "Designed by"; Value = "VanDungEvn"; VariantName = "[No Variations]"
Add component (AddParameter): Name = "Value"; Value = "0,1uF/300V"; VariantName = "[No Variations]"
Added Component: Designator=C9(CN-SMD-0805)
Add component (AddParameter): Name = "Designed by"; Value = "VanDungEvn"; VariantName = "[No Variations]"
Add component (AddParameter): Name = "Value"; Value = "0,1uF/300V"; VariantName = "[No Variations]"
Added Component: Designator=C10(CN-SMD-0805)
Add component (AddParameter): Name = "Designed by"; Value = "VanDungEvn"; VariantName = "[No Variations]"
Add component (AddParameter): Name = "Value"; Value = "0,1uF/300V"; VariantName = "[No Variations]"
Added Component: Designator=C11(CN-SMD-0805)
Add component (AddParameter): Name = "Designed by"; Value = "VanDungEvn"; VariantName = "[No Variations]"
Add component (AddParameter): Name = "Value"; Value = "0,1uF/300V"; VariantName = "[No Variations]"
Added Component: Designator=C12(CN-SMD-0805)
Add component (AddParameter): Name = "Designed by"; Value = "VanDungEvn"; VariantName = "[No Variations]"
Add component (AddParameter): Name = "Value"; Value = "0,1uF/300V"; VariantName = "[No Variations]"
Added Component: Designator=C13(CN-SMD-0805)
Add component (AddParameter): Name = "Designed by"; Value = "VanDungEvn"; VariantName = "[No Variations]"
Add component (AddParameter): Name = "Value"; Value = "0,1uF/300V"; VariantName = "[No Variations]"
Added Component: Designator=C14(CAP-ALU-SMD-5.5x5.5)
Add component (AddParameter): Name = "LatestRevisionDate"; Value = "17-Jul-2002"; VariantName = "[No Variations]"
Add component (AddParameter): Name = "LatestRevisionNote"; Value = "Re-released for DXP Platform."; VariantName = "[No Variations]"
Add component (AddParameter): Name = "PackageReference"; Value = "POLAR0.8"; VariantName = "[No Variations]"
Add component (AddParameter): Name = "Published"; Value = "8-Jun-2000"; VariantName = "[No Variations]"
Add component (AddParameter): Name = "Publisher"; Value = "Altium Limited"; VariantName = "[No Variations]"
Added Component: Designator=C15(MOV-10D)
Added Component: Designator=C16(MOV-10D)
Added Component: Designator=C17(CN-SMD-0603)
Add component (AddParameter): Name = "Designed by"; Value = "VanDungEvn"; VariantName = "[No Variations]"
Add component (AddParameter): Name = "Value"; Value = "0,1uF/300V"; VariantName = "[No Variations]"
Added Component: Designator=C18(CN-SMD-0805)
Add component (AddParameter): Name = "Designed by"; Value = "VanDungEvn"; VariantName = "[No Variations]"
Add component (AddParameter): Name = "Value"; Value = "0,1uF/300V"; VariantName = "[No Variations]"
Added Component: Designator=C19(CN-SMD-0603)
Add component (AddParameter): Name = "Designed by"; Value = "VanDungEvn"; VariantName = "[No Variations]"
Add component (AddParameter): Name = "Value"; Value = "0,1uF/300V"; VariantName = "[No Variations]"
Added Component: Designator=C20(CAP-ALU-SMD-5x5.5x1.4)
Add component (AddParameter): Name = "LatestRevisionDate"; Value = "17-Jul-2002"; VariantName = "[No Variations]"
Add component (AddParameter): Name = "LatestRevisionNote"; Value = "Re-released for DXP Platform."; VariantName = "[No Variations]"
Add component (AddParameter): Name = "PackageReference"; Value = "POLAR0.8"; VariantName = "[No Variations]"
Add component (AddParameter): Name = "Published"; Value = "8-Jun-2000"; VariantName = "[No Variations]"
Add component (AddParameter): Name = "Publisher"; Value = "Altium Limited"; VariantName = "[No Variations]"
Added Component: Designator=C21(SM-CAP-3225)
Add component (AddParameter): Name = "Designed by"; Value = "VanDungEvn"; VariantName = "[No Variations]"
Add component (AddParameter): Name = "Value"; Value = "0,1uF/300V"; VariantName = "[No Variations]"
Added Component: Designator=C22(SM-CAP-3225)
Add component (AddParameter): Name = "Designed by"; Value = "VanDungEvn"; VariantName = "[No Variations]"
Add component (AddParameter): Name = "Value"; Value = "0,1uF/300V"; VariantName = "[No Variations]"
Added Component: Designator=C23(CN-SMD-0603)
Add component (AddParameter): Name = "Designed by"; Value = "VanDungEvn"; VariantName = "[No Variations]"
Add component (AddParameter): Name = "Value"; Value = "0,1uF/300V"; VariantName = "[No Variations]"
Added Component: Designator=C24(CN-SMD-0805)
Add component (AddParameter): Name = "Designed by"; Value = "VanDungEvn"; VariantName = "[No Variations]"
Add component (AddParameter): Name = "Value"; Value = "0,1uF/300V"; VariantName = "[No Variations]"
Added Component: Designator=C25(CN-SMD-0603)
Add component (AddParameter): Name = "Designed by"; Value = "VanDungEvn"; VariantName = "[No Variations]"
Add component (AddParameter): Name = "Value"; Value = "0,1uF/300V"; VariantName = "[No Variations]"
Added Component: Designator=C26(CN-SMD-0603)
Add component (AddParameter): Name = "Designed by"; Value = "VanDungEvn"; VariantName = "[No Variations]"
Add component (AddParameter): Name = "Value"; Value = "0,1uF/300V"; VariantName = "[No Variations]"
Added Component: Designator=C27(CN-SMD-0603)
Add component (AddParameter): Name = "Designed by"; Value = "VanDungEvn"; VariantName = "[No Variations]"
Add component (AddParameter): Name = "Value"; Value = "0,1uF/300V"; VariantName = "[No Variations]"
Added Component: Designator=C28(CN-SMD-0603)
Add component (AddParameter): Name = "Designed by"; Value = "VanDungEvn"; VariantName = "[No Variations]"
Add component (AddParameter): Name = "Value"; Value = "0,1uF/300V"; VariantName = "[No Variations]"
Added Component: Designator=CON?(JP6)
Add component (AddParameter): Name = "Value"; Value = "JP7"; VariantName = "[No Variations]"
Added Component: Designator=CONN1(TYPE-C-31-M-12)
Added Component: Designator=D1(SOD-123)
Add component (AddParameter): Name = "Value"; Value = "1N4007"; VariantName = "[No Variations]"
Added Component: Designator=D2(SOD-123)
Add component (AddParameter): Name = "Value"; Value = "1N4007"; VariantName = "[No Variations]"
Added Component: Designator=EE1(SOP-8_mini)
Added Component: Designator=JP1(PAD Select)
Added Component: Designator=JP2(PAD Select)
Added Component: Designator=L1(L-SMD-06030-7.4x6.6X3)
Add component (AddParameter): Name = "Value"; Value = "150 mH"; VariantName = "[No Variations]"
Added Component: Designator=L2(L-SMD-06030-7.4x6.6X3)
Add component (AddParameter): Name = "Value"; Value = "150 mH"; VariantName = "[No Variations]"
Added Component: Designator=L3(IN-SMD-0603)
Add component (AddParameter): Name = "Value"; Value = "150 mH"; VariantName = "[No Variations]"
Added Component: Designator=L4(IN-SMD-0603)
Add component (AddParameter): Name = "Value"; Value = "150 mH"; VariantName = "[No Variations]"
Added Component: Designator=L5(IN-SMD-0603)
Add component (AddParameter): Name = "Value"; Value = "150 mH"; VariantName = "[No Variations]"
Added Component: Designator=LAN1(RJ45)
Added Component: Designator=R1(RES-SMD-0603)
Add component (AddParameter): Name = "Class"; Value = "Passive"; VariantName = "[No Variations]"
Add component (AddParameter): Name = "Manufacturer"; Value = "Generic Components"; VariantName = "[No Variations]"
Add component (AddParameter): Name = "Published"; Value = "08/06/2000"; VariantName = "[No Variations]"
Add component (AddParameter): Name = "Publisher"; Value = "Altium Hobart Technology Centre"; VariantName = "[No Variations]"
Added Component: Designator=R2(RES-SMD-0603)
Add component (AddParameter): Name = "Class"; Value = "Passive"; VariantName = "[No Variations]"
Add component (AddParameter): Name = "Manufacturer"; Value = "Generic Components"; VariantName = "[No Variations]"
Add component (AddParameter): Name = "Published"; Value = "08/06/2000"; VariantName = "[No Variations]"
Add component (AddParameter): Name = "Publisher"; Value = "Altium Hobart Technology Centre"; VariantName = "[No Variations]"
Added Component: Designator=R3(RES-SMD-0603)
Add component (AddParameter): Name = "Class"; Value = "Passive"; VariantName = "[No Variations]"
Add component (AddParameter): Name = "Manufacturer"; Value = "Generic Components"; VariantName = "[No Variations]"
Add component (AddParameter): Name = "Published"; Value = "08/06/2000"; VariantName = "[No Variations]"
Add component (AddParameter): Name = "Publisher"; Value = "Altium Hobart Technology Centre"; VariantName = "[No Variations]"
Added Component: Designator=R4(RES-SMD-0603)
Add component (AddParameter): Name = "Class"; Value = "Passive"; VariantName = "[No Variations]"
Add component (AddParameter): Name = "Manufacturer"; Value = "Generic Components"; VariantName = "[No Variations]"
Add component (AddParameter): Name = "Published"; Value = "08/06/2000"; VariantName = "[No Variations]"
Add component (AddParameter): Name = "Publisher"; Value = "Altium Hobart Technology Centre"; VariantName = "[No Variations]"
Added Component: Designator=R5(RES-SMD-0603)
Add component (AddParameter): Name = "Class"; Value = "Passive"; VariantName = "[No Variations]"
Add component (AddParameter): Name = "Manufacturer"; Value = "Generic Components"; VariantName = "[No Variations]"
Add component (AddParameter): Name = "Published"; Value = "08/06/2000"; VariantName = "[No Variations]"
Add component (AddParameter): Name = "Publisher"; Value = "Altium Hobart Technology Centre"; VariantName = "[No Variations]"
Added Component: Designator=R6(RES-SMD-0603)
Add component (AddParameter): Name = "Class"; Value = "Passive"; VariantName = "[No Variations]"
Add component (AddParameter): Name = "Manufacturer"; Value = "Generic Components"; VariantName = "[No Variations]"
Add component (AddParameter): Name = "Published"; Value = "08/06/2000"; VariantName = "[No Variations]"
Add component (AddParameter): Name = "Publisher"; Value = "Altium Hobart Technology Centre"; VariantName = "[No Variations]"
Added Component: Designator=R7(RES-SMD-0603)
Add component (AddParameter): Name = "Class"; Value = "Passive"; VariantName = "[No Variations]"
Add component (AddParameter): Name = "Manufacturer"; Value = "Generic Components"; VariantName = "[No Variations]"
Add component (AddParameter): Name = "Published"; Value = "08/06/2000"; VariantName = "[No Variations]"
Add component (AddParameter): Name = "Publisher"; Value = "Altium Hobart Technology Centre"; VariantName = "[No Variations]"
Added Component: Designator=R8(RES-SMD-0603)
Add component (AddParameter): Name = "Class"; Value = "Passive"; VariantName = "[No Variations]"
Add component (AddParameter): Name = "Manufacturer"; Value = "Generic Components"; VariantName = "[No Variations]"
Add component (AddParameter): Name = "Published"; Value = "08/06/2000"; VariantName = "[No Variations]"
Add component (AddParameter): Name = "Publisher"; Value = "Altium Hobart Technology Centre"; VariantName = "[No Variations]"
Added Component: Designator=R9(RES-SMD-0603)
Add component (AddParameter): Name = "Class"; Value = "Passive"; VariantName = "[No Variations]"
Add component (AddParameter): Name = "Manufacturer"; Value = "Generic Components"; VariantName = "[No Variations]"
Add component (AddParameter): Name = "Published"; Value = "08/06/2000"; VariantName = "[No Variations]"
Add component (AddParameter): Name = "Publisher"; Value = "Altium Hobart Technology Centre"; VariantName = "[No Variations]"
Added Component: Designator=R10(RES-SMD-0805)
Add component (AddParameter): Name = "Class"; Value = "Passive"; VariantName = "[No Variations]"
Add component (AddParameter): Name = "Manufacturer"; Value = "Generic Components"; VariantName = "[No Variations]"
Add component (AddParameter): Name = "Published"; Value = "08/06/2000"; VariantName = "[No Variations]"
Add component (AddParameter): Name = "Publisher"; Value = "Altium Hobart Technology Centre"; VariantName = "[No Variations]"
Added Component: Designator=R11(RES-SMD-0805)
Add component (AddParameter): Name = "Class"; Value = "Passive"; VariantName = "[No Variations]"
Add component (AddParameter): Name = "Manufacturer"; Value = "Generic Components"; VariantName = "[No Variations]"
Add component (AddParameter): Name = "Published"; Value = "08/06/2000"; VariantName = "[No Variations]"
Add component (AddParameter): Name = "Publisher"; Value = "Altium Hobart Technology Centre"; VariantName = "[No Variations]"
Added Component: Designator=R12(RES-SMD-0603)
Add component (AddParameter): Name = "Class"; Value = "Passive"; VariantName = "[No Variations]"
Add component (AddParameter): Name = "Manufacturer"; Value = "Generic Components"; VariantName = "[No Variations]"
Add component (AddParameter): Name = "Published"; Value = "08/06/2000"; VariantName = "[No Variations]"
Add component (AddParameter): Name = "Publisher"; Value = "Altium Hobart Technology Centre"; VariantName = "[No Variations]"
Added Component: Designator=R13(RES-SMD-0603)
Add component (AddParameter): Name = "Class"; Value = "Passive"; VariantName = "[No Variations]"
Add component (AddParameter): Name = "Manufacturer"; Value = "Generic Components"; VariantName = "[No Variations]"
Add component (AddParameter): Name = "Published"; Value = "08/06/2000"; VariantName = "[No Variations]"
Add component (AddParameter): Name = "Publisher"; Value = "Altium Hobart Technology Centre"; VariantName = "[No Variations]"
Added Component: Designator=R14(RES-SMD-0603)
Add component (AddParameter): Name = "Class"; Value = "Passive"; VariantName = "[No Variations]"
Add component (AddParameter): Name = "Manufacturer"; Value = "Generic Components"; VariantName = "[No Variations]"
Add component (AddParameter): Name = "Published"; Value = "08/06/2000"; VariantName = "[No Variations]"
Add component (AddParameter): Name = "Publisher"; Value = "Altium Hobart Technology Centre"; VariantName = "[No Variations]"
Added Component: Designator=R15(RES-SMD-0603)
Add component (AddParameter): Name = "Class"; Value = "Passive"; VariantName = "[No Variations]"
Add component (AddParameter): Name = "Manufacturer"; Value = "Generic Components"; VariantName = "[No Variations]"
Add component (AddParameter): Name = "Published"; Value = "08/06/2000"; VariantName = "[No Variations]"
Add component (AddParameter): Name = "Publisher"; Value = "Altium Hobart Technology Centre"; VariantName = "[No Variations]"
Added Component: Designator=R16(RES-SMD-0805)
Add component (AddParameter): Name = "Class"; Value = "Passive"; VariantName = "[No Variations]"
Add component (AddParameter): Name = "Manufacturer"; Value = "Generic Components"; VariantName = "[No Variations]"
Add component (AddParameter): Name = "Published"; Value = "08/06/2000"; VariantName = "[No Variations]"
Add component (AddParameter): Name = "Publisher"; Value = "Altium Hobart Technology Centre"; VariantName = "[No Variations]"
Added Component: Designator=R17(RES-SMD-0805)
Add component (AddParameter): Name = "Class"; Value = "Passive"; VariantName = "[No Variations]"
Add component (AddParameter): Name = "Manufacturer"; Value = "Generic Components"; VariantName = "[No Variations]"
Add component (AddParameter): Name = "Published"; Value = "08/06/2000"; VariantName = "[No Variations]"
Add component (AddParameter): Name = "Publisher"; Value = "Altium Hobart Technology Centre"; VariantName = "[No Variations]"
Added Component: Designator=R18(RES-SMD-0805)
Add component (AddParameter): Name = "Class"; Value = "Passive"; VariantName = "[No Variations]"
Add component (AddParameter): Name = "Manufacturer"; Value = "Generic Components"; VariantName = "[No Variations]"
Add component (AddParameter): Name = "Published"; Value = "08/06/2000"; VariantName = "[No Variations]"
Add component (AddParameter): Name = "Publisher"; Value = "Altium Hobart Technology Centre"; VariantName = "[No Variations]"
Added Component: Designator=R19(RES-SMD-0805)
Add component (AddParameter): Name = "Class"; Value = "Passive"; VariantName = "[No Variations]"
Add component (AddParameter): Name = "Manufacturer"; Value = "Generic Components"; VariantName = "[No Variations]"
Add component (AddParameter): Name = "Published"; Value = "08/06/2000"; VariantName = "[No Variations]"
Add component (AddParameter): Name = "Publisher"; Value = "Altium Hobart Technology Centre"; VariantName = "[No Variations]"
Added Component: Designator=R20(RES-SMD-0805)
Add component (AddParameter): Name = "Class"; Value = "Passive"; VariantName = "[No Variations]"
Add component (AddParameter): Name = "Manufacturer"; Value = "Generic Components"; VariantName = "[No Variations]"
Add component (AddParameter): Name = "Published"; Value = "08/06/2000"; VariantName = "[No Variations]"
Add component (AddParameter): Name = "Publisher"; Value = "Altium Hobart Technology Centre"; VariantName = "[No Variations]"
Added Component: Designator=R21(RES-SMD-0805)
Add component (AddParameter): Name = "Class"; Value = "Passive"; VariantName = "[No Variations]"
Add component (AddParameter): Name = "Manufacturer"; Value = "Generic Components"; VariantName = "[No Variations]"
Add component (AddParameter): Name = "Published"; Value = "08/06/2000"; VariantName = "[No Variations]"
Add component (AddParameter): Name = "Publisher"; Value = "Altium Hobart Technology Centre"; VariantName = "[No Variations]"
Added Component: Designator=R22(RES-SMD-0805)
Add component (AddParameter): Name = "Class"; Value = "Passive"; VariantName = "[No Variations]"
Add component (AddParameter): Name = "Manufacturer"; Value = "Generic Components"; VariantName = "[No Variations]"
Add component (AddParameter): Name = "Published"; Value = "08/06/2000"; VariantName = "[No Variations]"
Add component (AddParameter): Name = "Publisher"; Value = "Altium Hobart Technology Centre"; VariantName = "[No Variations]"
Added Component: Designator=R23(RES-SMD-0805)
Add component (AddParameter): Name = "Class"; Value = "Passive"; VariantName = "[No Variations]"
Add component (AddParameter): Name = "Manufacturer"; Value = "Generic Components"; VariantName = "[No Variations]"
Add component (AddParameter): Name = "Published"; Value = "08/06/2000"; VariantName = "[No Variations]"
Add component (AddParameter): Name = "Publisher"; Value = "Altium Hobart Technology Centre"; VariantName = "[No Variations]"
Added Component: Designator=R24(RES-SMD-0603)
Add component (AddParameter): Name = "Class"; Value = "Passive"; VariantName = "[No Variations]"
Add component (AddParameter): Name = "Manufacturer"; Value = "Generic Components"; VariantName = "[No Variations]"
Add component (AddParameter): Name = "Published"; Value = "08/06/2000"; VariantName = "[No Variations]"
Add component (AddParameter): Name = "Publisher"; Value = "Altium Hobart Technology Centre"; VariantName = "[No Variations]"
Added Component: Designator=R25(RES-SMD-0603)
Add component (AddParameter): Name = "Class"; Value = "Passive"; VariantName = "[No Variations]"
Add component (AddParameter): Name = "Manufacturer"; Value = "Generic Components"; VariantName = "[No Variations]"
Add component (AddParameter): Name = "Published"; Value = "08/06/2000"; VariantName = "[No Variations]"
Add component (AddParameter): Name = "Publisher"; Value = "Altium Hobart Technology Centre"; VariantName = "[No Variations]"
Added Component: Designator=R26(RES-SMD-0603)
Add component (AddParameter): Name = "Class"; Value = "Passive"; VariantName = "[No Variations]"
Add component (AddParameter): Name = "Manufacturer"; Value = "Generic Components"; VariantName = "[No Variations]"
Add component (AddParameter): Name = "Published"; Value = "08/06/2000"; VariantName = "[No Variations]"
Add component (AddParameter): Name = "Publisher"; Value = "Altium Hobart Technology Centre"; VariantName = "[No Variations]"
Added Component: Designator=R27(RES-SMD-0603)
Add component (AddParameter): Name = "Class"; Value = "Passive"; VariantName = "[No Variations]"
Add component (AddParameter): Name = "Manufacturer"; Value = "Generic Components"; VariantName = "[No Variations]"
Add component (AddParameter): Name = "Published"; Value = "08/06/2000"; VariantName = "[No Variations]"
Add component (AddParameter): Name = "Publisher"; Value = "Altium Hobart Technology Centre"; VariantName = "[No Variations]"
Added Component: Designator=R28(RES-SMD-0603)
Add component (AddParameter): Name = "Class"; Value = "Passive"; VariantName = "[No Variations]"
Add component (AddParameter): Name = "Manufacturer"; Value = "Generic Components"; VariantName = "[No Variations]"
Add component (AddParameter): Name = "Published"; Value = "08/06/2000"; VariantName = "[No Variations]"
Add component (AddParameter): Name = "Publisher"; Value = "Altium Hobart Technology Centre"; VariantName = "[No Variations]"
Added Component: Designator=R29(RES-SMD-0603)
Add component (AddParameter): Name = "Class"; Value = "Passive"; VariantName = "[No Variations]"
Add component (AddParameter): Name = "Manufacturer"; Value = "Generic Components"; VariantName = "[No Variations]"
Add component (AddParameter): Name = "Published"; Value = "08/06/2000"; VariantName = "[No Variations]"
Add component (AddParameter): Name = "Publisher"; Value = "Altium Hobart Technology Centre"; VariantName = "[No Variations]"
Added Component: Designator=R30(RES-SMD-0603)
Add component (AddParameter): Name = "Class"; Value = "Passive"; VariantName = "[No Variations]"
Add component (AddParameter): Name = "Manufacturer"; Value = "Generic Components"; VariantName = "[No Variations]"
Add component (AddParameter): Name = "Published"; Value = "08/06/2000"; VariantName = "[No Variations]"
Add component (AddParameter): Name = "Publisher"; Value = "Altium Hobart Technology Centre"; VariantName = "[No Variations]"
Added Component: Designator=R31(RES-SMD-0603)
Add component (AddParameter): Name = "Class"; Value = "Passive"; VariantName = "[No Variations]"
Add component (AddParameter): Name = "Manufacturer"; Value = "Generic Components"; VariantName = "[No Variations]"
Add component (AddParameter): Name = "Published"; Value = "08/06/2000"; VariantName = "[No Variations]"
Add component (AddParameter): Name = "Publisher"; Value = "Altium Hobart Technology Centre"; VariantName = "[No Variations]"
Added Component: Designator=R32(RES-SMD-0603)
Add component (AddParameter): Name = "Class"; Value = "Passive"; VariantName = "[No Variations]"
Add component (AddParameter): Name = "Manufacturer"; Value = "Generic Components"; VariantName = "[No Variations]"
Add component (AddParameter): Name = "Published"; Value = "08/06/2000"; VariantName = "[No Variations]"
Add component (AddParameter): Name = "Publisher"; Value = "Altium Hobart Technology Centre"; VariantName = "[No Variations]"
Added Component: Designator=R33(RES-SMD-0805)
Add component (AddParameter): Name = "Class"; Value = "Passive"; VariantName = "[No Variations]"
Add component (AddParameter): Name = "Manufacturer"; Value = "Generic Components"; VariantName = "[No Variations]"
Add component (AddParameter): Name = "Published"; Value = "08/06/2000"; VariantName = "[No Variations]"
Add component (AddParameter): Name = "Publisher"; Value = "Altium Hobart Technology Centre"; VariantName = "[No Variations]"
Added Component: Designator=RESET(SW-SMD - 3x4)
Add component (AddParameter): Name = "Value"; Value = "1N4007"; VariantName = "[No Variations]"
Added Component: Designator=T1(PULSE-H1102NL)
Added Component: Designator=U1(ESP32-S3-WROOM-1/1U)
Added Component: Designator=U2(QFN32)
Added Component: Designator=U3(24-Lead Plastic QFN (3mm × 5mm))
Added Component: Designator=U4(SOT23-6)
Added Component: Designator=Y1(Crystal 4 pin SMD 32x25)
Add component (AddParameter): Name = "LatestRevisionDate"; Value = "17-Jul-2002"; VariantName = "[No Variations]"
Add component (AddParameter): Name = "LatestRevisionNote"; Value = "Re-released for DXP Platform."; VariantName = "[No Variations]"
Add component (AddParameter): Name = "PackageReference"; Value = "R38"; VariantName = "[No Variations]"
Add component (AddParameter): Name = "Published"; Value = "8-Jun-2000"; VariantName = "[No Variations]"
Add component (AddParameter): Name = "Publisher"; Value = "Altium Limited"; VariantName = "[No Variations]"
Added Pin To Net: NetName=+1.8V_AD Pin=C6-2
Added Pin To Net: NetName=+1.8V_AD Pin=L4-2
Added Pin To Net: NetName=+1.8V_AD Pin=U2-9
Added Net: Name=+1.8V_AD
Added Pin To Net: NetName=+1.8VDC Pin=C10-1
Added Pin To Net: NetName=+1.8VDC Pin=C11-1
Added Pin To Net: NetName=+1.8VDC Pin=C26-1
Added Pin To Net: NetName=+1.8VDC Pin=JP2-1
Added Pin To Net: NetName=+1.8VDC Pin=L2-2
Added Pin To Net: NetName=+1.8VDC Pin=L4-1
Added Pin To Net: NetName=+1.8VDC Pin=R15-2
Added Pin To Net: NetName=+1.8VDC Pin=R31-2
Added Pin To Net: NetName=+1.8VDC Pin=U2-23
Added Net: Name=+1.8VDC
Added Pin To Net: NetName=+3.3V_AD Pin=C7-1
Added Pin To Net: NetName=+3.3V_AD Pin=C14-1
Added Pin To Net: NetName=+3.3V_AD Pin=L3-2
Added Pin To Net: NetName=+3.3V_AD Pin=LAN1-9
Added Pin To Net: NetName=+3.3V_AD Pin=LAN1-11
Added Pin To Net: NetName=+3.3V_AD Pin=T1-2
Added Pin To Net: NetName=+3.3V_AD Pin=T1-7
Added Pin To Net: NetName=+3.3V_AD Pin=U2-16
Added Net: Name=+3.3V_AD
Added Pin To Net: NetName=+3.3VDC Pin=C1-2
Added Pin To Net: NetName=+3.3VDC Pin=C2-2
Added Pin To Net: NetName=+3.3VDC Pin=C23-1
Added Pin To Net: NetName=+3.3VDC Pin=CON?-1
Added Pin To Net: NetName=+3.3VDC Pin=L1-2
Added Pin To Net: NetName=+3.3VDC Pin=R24-2
Added Pin To Net: NetName=+3.3VDC Pin=R25-2
Added Pin To Net: NetName=+3.3VDC Pin=R28-2
Added Pin To Net: NetName=+3.3VDC Pin=U1-2
Added Net: Name=+3.3VDC
Added Pin To Net: NetName=+5V_USB Pin=C27-2
Added Pin To Net: NetName=+5V_USB Pin=CONN1-2
Added Pin To Net: NetName=+5V_USB Pin=CONN1-11
Added Pin To Net: NetName=+5V_USB Pin=L5-1
Added Pin To Net: NetName=+5V_USB Pin=U4-5
Added Net: Name=+5V_USB
Added Pin To Net: NetName=+5VDC Pin=C20-1
Added Pin To Net: NetName=+5VDC Pin=C21-2
Added Pin To Net: NetName=+5VDC Pin=C22-2
Added Pin To Net: NetName=+5VDC Pin=C28-2
Added Pin To Net: NetName=+5VDC Pin=L5-2
Added Pin To Net: NetName=+5VDC Pin=U3-3
Added Pin To Net: NetName=+5VDC Pin=U3-6
Added Pin To Net: NetName=+5VDC Pin=U3-12
Added Pin To Net: NetName=+5VDC Pin=U3-21
Added Pin To Net: NetName=+5VDC Pin=U3-21
Added Net: Name=+5VDC
Added Pin To Net: NetName=BOOT Pin=BOOT-2
Added Pin To Net: NetName=BOOT Pin=CON?-6
Added Pin To Net: NetName=BOOT Pin=R25-1
Added Pin To Net: NetName=BOOT Pin=U1-27
Added Pin To Net: NetName=BOOT Pin=U1-27
Added Net: Name=BOOT
Added Pin To Net: NetName=E_GND Pin=C16-2
Added Pin To Net: NetName=E_GND Pin=LAN1-SHIELD
Added Pin To Net: NetName=E_GND Pin=LAN1-SHIELD
Added Net: Name=E_GND
Added Pin To Net: NetName=EECS Pin=EE1-1
Added Pin To Net: NetName=EECS Pin=U2-10
Added Net: Name=EECS
Added Pin To Net: NetName=EEIO Pin=EE1-3
Added Pin To Net: NetName=EEIO Pin=EE1-4
Added Pin To Net: NetName=EEIO Pin=U2-6
Added Net: Name=EEIO
Added Pin To Net: NetName=EESCK Pin=EE1-2
Added Pin To Net: NetName=EESCK Pin=U2-7
Added Net: Name=EESCK
Added Pin To Net: NetName=GND Pin=BOOT-1
Added Pin To Net: NetName=GND Pin=BT1-1
Added Pin To Net: NetName=GND Pin=C1-1
Added Pin To Net: NetName=GND Pin=C2-1
Added Pin To Net: NetName=GND Pin=C3-1
Added Pin To Net: NetName=GND Pin=C4-1
Added Pin To Net: NetName=GND Pin=C5-1
Added Pin To Net: NetName=GND Pin=C6-1
Added Pin To Net: NetName=GND Pin=C7-2
Added Pin To Net: NetName=GND Pin=C8-2
Added Pin To Net: NetName=GND Pin=C9-2
Added Pin To Net: NetName=GND Pin=C10-2
Added Pin To Net: NetName=GND Pin=C11-2
Added Pin To Net: NetName=GND Pin=C12-2
Added Pin To Net: NetName=GND Pin=C13-1
Added Pin To Net: NetName=GND Pin=C14-2
Added Pin To Net: NetName=GND Pin=C15-1
Added Pin To Net: NetName=GND Pin=C17-1
Added Pin To Net: NetName=GND Pin=C18-2
Added Pin To Net: NetName=GND Pin=C20-2
Added Pin To Net: NetName=GND Pin=C21-1
Added Pin To Net: NetName=GND Pin=C22-1
Added Pin To Net: NetName=GND Pin=C24-1
Added Pin To Net: NetName=GND Pin=C27-1
Added Pin To Net: NetName=GND Pin=C28-1
Added Pin To Net: NetName=GND Pin=CON?-2
Added Pin To Net: NetName=GND Pin=CONN1-1
Added Pin To Net: NetName=GND Pin=CONN1-12
Added Pin To Net: NetName=GND Pin=CONN1-GND
Added Pin To Net: NetName=GND Pin=CONN1-GND
Added Pin To Net: NetName=GND Pin=CONN1-GND
Added Pin To Net: NetName=GND Pin=CONN1-GND
Added Pin To Net: NetName=GND Pin=EE1-5
Added Pin To Net: NetName=GND Pin=R14-2
Added Pin To Net: NetName=GND Pin=R26-2
Added Pin To Net: NetName=GND Pin=R27-2
Added Pin To Net: NetName=GND Pin=R29-1
Added Pin To Net: NetName=GND Pin=R30-1
Added Pin To Net: NetName=GND Pin=R32-1
Added Pin To Net: NetName=GND Pin=RESET-1
Added Pin To Net: NetName=GND Pin=U1-1
Added Pin To Net: NetName=GND Pin=U1-1
Added Pin To Net: NetName=GND Pin=U1-40
Added Pin To Net: NetName=GND Pin=U1-PAD
Added Pin To Net: NetName=GND Pin=U1-PAD
Added Pin To Net: NetName=GND Pin=U1-PAD
Added Pin To Net: NetName=GND Pin=U1-PAD
Added Pin To Net: NetName=GND Pin=U1-PAD
Added Pin To Net: NetName=GND Pin=U1-PAD
Added Pin To Net: NetName=GND Pin=U1-PAD
Added Pin To Net: NetName=GND Pin=U1-PAD
Added Pin To Net: NetName=GND Pin=U1-PAD
Added Pin To Net: NetName=GND Pin=U2-4
Added Pin To Net: NetName=GND Pin=U2-8
Added Pin To Net: NetName=GND Pin=U2-13
Added Pin To Net: NetName=GND Pin=U2-18
Added Pin To Net: NetName=GND Pin=U2-22
Added Pin To Net: NetName=GND Pin=U2-24
Added Pin To Net: NetName=GND Pin=U2-29
Added Pin To Net: NetName=GND Pin=U3-1
Added Pin To Net: NetName=GND Pin=U3-2
Added Pin To Net: NetName=GND Pin=U3-4
Added Pin To Net: NetName=GND Pin=U3-7
Added Pin To Net: NetName=GND Pin=U3-8
Added Pin To Net: NetName=GND Pin=U4-2
Added Pin To Net: NetName=GND Pin=Y1-2
Added Pin To Net: NetName=GND Pin=Y1-4
Added Net: Name=GND
Added Pin To Net: NetName=LED0 Pin=LAN1-12
Added Pin To Net: NetName=LED0 Pin=R22-2
Added Net: Name=LED0
Added Pin To Net: NetName=LED1 Pin=LAN1-10
Added Pin To Net: NetName=LED1 Pin=R23-2
Added Net: Name=LED1
Added Pin To Net: NetName=NetBT1_2 Pin=BT1-2
Added Pin To Net: NetName=NetBT1_2 Pin=C3-2
Added Pin To Net: NetName=NetBT1_2 Pin=D1-1
Added Pin To Net: NetName=NetBT1_2 Pin=D2-1
Added Pin To Net: NetName=NetBT1_2 Pin=R12-1
Added Pin To Net: NetName=NetBT1_2 Pin=R13-1
Added Net: Name=NetBT1_2
Added Pin To Net: NetName=NetC4_2 Pin=C4-2
Added Pin To Net: NetName=NetC4_2 Pin=U2-20
Added Pin To Net: NetName=NetC4_2 Pin=Y1-1
Added Net: Name=NetC4_2
Added Pin To Net: NetName=NetC5_2 Pin=C5-2
Added Pin To Net: NetName=NetC5_2 Pin=U2-21
Added Pin To Net: NetName=NetC5_2 Pin=Y1-3
Added Net: Name=NetC5_2
Added Pin To Net: NetName=NetC12_1 Pin=C12-1
Added Pin To Net: NetName=NetC12_1 Pin=R10-2
Added Pin To Net: NetName=NetC12_1 Pin=R11-2
Added Net: Name=NetC12_1
Added Pin To Net: NetName=NetC13_2 Pin=C13-2
Added Pin To Net: NetName=NetC13_2 Pin=R20-2
Added Pin To Net: NetName=NetC13_2 Pin=R21-2
Added Net: Name=NetC13_2
Added Pin To Net: NetName=NetC15_2 Pin=C15-2
Added Pin To Net: NetName=NetC15_2 Pin=C16-1
Added Pin To Net: NetName=NetC15_2 Pin=R16-1
Added Pin To Net: NetName=NetC15_2 Pin=R17-1
Added Pin To Net: NetName=NetC15_2 Pin=R18-2
Added Pin To Net: NetName=NetC15_2 Pin=R19-2
Added Net: Name=NetC15_2
Added Pin To Net: NetName=NetC19_1 Pin=C19-1
Added Pin To Net: NetName=NetC19_1 Pin=L1-1
Added Pin To Net: NetName=NetC19_1 Pin=U3-19
Added Pin To Net: NetName=NetC19_1 Pin=U3-20
Added Net: Name=NetC19_1
Added Pin To Net: NetName=NetC19_2 Pin=C19-2
Added Pin To Net: NetName=NetC19_2 Pin=U3-18
Added Net: Name=NetC19_2
Added Pin To Net: NetName=NetC23_2 Pin=C23-2
Added Pin To Net: NetName=NetC23_2 Pin=R28-1
Added Pin To Net: NetName=NetC23_2 Pin=R29-2
Added Pin To Net: NetName=NetC23_2 Pin=U3-24
Added Net: Name=NetC23_2
Added Pin To Net: NetName=NetC24_2 Pin=C24-2
Added Pin To Net: NetName=NetC24_2 Pin=U3-10
Added Pin To Net: NetName=NetC24_2 Pin=U3-16
Added Pin To Net: NetName=NetC24_2 Pin=U3-17
Added Pin To Net: NetName=NetC24_2 Pin=U3-23
Added Net: Name=NetC24_2
Added Pin To Net: NetName=NetC25_1 Pin=C25-1
Added Pin To Net: NetName=NetC25_1 Pin=L2-1
Added Pin To Net: NetName=NetC25_1 Pin=U3-13
Added Pin To Net: NetName=NetC25_1 Pin=U3-14
Added Net: Name=NetC25_1
Added Pin To Net: NetName=NetC25_2 Pin=C25-2
Added Pin To Net: NetName=NetC25_2 Pin=U3-15
Added Net: Name=NetC25_2
Added Pin To Net: NetName=NetC26_2 Pin=C26-2
Added Pin To Net: NetName=NetC26_2 Pin=R31-1
Added Pin To Net: NetName=NetC26_2 Pin=R32-2
Added Pin To Net: NetName=NetC26_2 Pin=U3-9
Added Net: Name=NetC26_2
Added Pin To Net: NetName=NetCONN1_3 Pin=CONN1-3
Added Pin To Net: NetName=NetCONN1_3 Pin=R26-1
Added Net: Name=NetCONN1_3
Added Pin To Net: NetName=NetCONN1_5 Pin=CONN1-5
Added Pin To Net: NetName=NetCONN1_5 Pin=CONN1-7
Added Pin To Net: NetName=NetCONN1_5 Pin=U4-1
Added Net: Name=NetCONN1_5
Added Pin To Net: NetName=NetCONN1_6 Pin=CONN1-6
Added Pin To Net: NetName=NetCONN1_6 Pin=CONN1-8
Added Pin To Net: NetName=NetCONN1_6 Pin=U4-3
Added Net: Name=NetCONN1_6
Added Pin To Net: NetName=NetCONN1_9 Pin=CONN1-9
Added Pin To Net: NetName=NetCONN1_9 Pin=R27-1
Added Net: Name=NetCONN1_9
Added Pin To Net: NetName=NetD1_2 Pin=D1-2
Added Pin To Net: NetName=NetD1_2 Pin=U1-6
Added Net: Name=NetD1_2
Added Pin To Net: NetName=NetLAN1_1 Pin=LAN1-1
Added Pin To Net: NetName=NetLAN1_1 Pin=T1-9
Added Net: Name=NetLAN1_1
Added Pin To Net: NetName=NetLAN1_2 Pin=LAN1-2
Added Pin To Net: NetName=NetLAN1_2 Pin=T1-11
Added Net: Name=NetLAN1_2
Added Pin To Net: NetName=NetLAN1_3 Pin=LAN1-3
Added Pin To Net: NetName=NetLAN1_3 Pin=T1-14
Added Net: Name=NetLAN1_3
Added Pin To Net: NetName=NetLAN1_4 Pin=LAN1-4
Added Pin To Net: NetName=NetLAN1_4 Pin=LAN1-5
Added Pin To Net: NetName=NetLAN1_4 Pin=R18-1
Added Net: Name=NetLAN1_4
Added Pin To Net: NetName=NetLAN1_6 Pin=LAN1-6
Added Pin To Net: NetName=NetLAN1_6 Pin=T1-16
Added Net: Name=NetLAN1_6
Added Pin To Net: NetName=NetLAN1_7 Pin=LAN1-7
Added Pin To Net: NetName=NetLAN1_7 Pin=LAN1-8
Added Pin To Net: NetName=NetLAN1_7 Pin=R19-1
Added Net: Name=NetLAN1_7
Added Pin To Net: NetName=NetR1_1 Pin=R1-1
Added Pin To Net: NetName=NetR1_1 Pin=R8-1
Added Pin To Net: NetName=NetR1_1 Pin=U1-4
Added Net: Name=NetR1_1
Added Pin To Net: NetName=NetR2_1 Pin=R2-1
Added Pin To Net: NetName=NetR2_1 Pin=R7-1
Added Pin To Net: NetName=NetR2_1 Pin=U1-20
Added Net: Name=NetR2_1
Added Pin To Net: NetName=NetR3_1 Pin=R3-1
Added Pin To Net: NetName=NetR3_1 Pin=R5-1
Added Pin To Net: NetName=NetR3_1 Pin=U1-21
Added Net: Name=NetR3_1
Added Pin To Net: NetName=NetR4_1 Pin=R4-1
Added Pin To Net: NetName=NetR4_1 Pin=U1-22
Added Net: Name=NetR4_1
Added Pin To Net: NetName=NetR4_2 Pin=R4-2
Added Pin To Net: NetName=NetR4_2 Pin=U2-28
Added Net: Name=NetR4_2
Added Pin To Net: NetName=NetR5_2 Pin=R5-2
Added Pin To Net: NetName=NetR5_2 Pin=U2-31
Added Net: Name=NetR5_2
Added Pin To Net: NetName=NetR6_1 Pin=R6-1
Added Pin To Net: NetName=NetR6_1 Pin=U1-8
Added Net: Name=NetR6_1
Added Pin To Net: NetName=NetR6_2 Pin=R6-2
Added Pin To Net: NetName=NetR6_2 Pin=U2-26
Added Net: Name=NetR6_2
Added Pin To Net: NetName=NetR7_2 Pin=R7-2
Added Pin To Net: NetName=NetR7_2 Pin=U2-27
Added Net: Name=NetR7_2
Added Pin To Net: NetName=NetR8_2 Pin=R8-2
Added Pin To Net: NetName=NetR8_2 Pin=U2-3
Added Net: Name=NetR8_2
Added Pin To Net: NetName=NetR9_1 Pin=R9-1
Added Pin To Net: NetName=NetR9_1 Pin=U1-5
Added Net: Name=NetR9_1
Added Pin To Net: NetName=NetR9_2 Pin=R9-2
Added Pin To Net: NetName=NetR9_2 Pin=U2-2
Added Net: Name=NetR9_2
Added Pin To Net: NetName=NetR12_2 Pin=R12-2
Added Pin To Net: NetName=NetR12_2 Pin=U2-19
Added Net: Name=NetR12_2
Added Pin To Net: NetName=NetR14_1 Pin=R14-1
Added Pin To Net: NetName=NetR14_1 Pin=U2-17
Added Net: Name=NetR14_1
Added Pin To Net: NetName=NetR15_1 Pin=R15-1
Added Pin To Net: NetName=NetR15_1 Pin=U2-5
Added Net: Name=NetR15_1
Added Pin To Net: NetName=NetR16_2 Pin=R16-2
Added Pin To Net: NetName=NetR16_2 Pin=T1-10
Added Net: Name=NetR16_2
Added Pin To Net: NetName=NetR17_2 Pin=R17-2
Added Pin To Net: NetName=NetR17_2 Pin=T1-15
Added Net: Name=NetR17_2
Added Pin To Net: NetName=NetR22_1 Pin=R22-1
Added Pin To Net: NetName=NetR22_1 Pin=U2-32
Added Net: Name=NetR22_1
Added Pin To Net: NetName=NetR23_1 Pin=R23-1
Added Pin To Net: NetName=NetR23_1 Pin=U2-1
Added Net: Name=NetR23_1
Added Pin To Net: NetName=NetR30_2 Pin=R30-2
Added Pin To Net: NetName=NetR30_2 Pin=U3-5
Added Net: Name=NetR30_2
Added Pin To Net: NetName=nRESET Pin=C17-2
Added Pin To Net: NetName=nRESET Pin=CON?-5
Added Pin To Net: NetName=nRESET Pin=R24-1
Added Pin To Net: NetName=nRESET Pin=RESET-2
Added Pin To Net: NetName=nRESET Pin=U1-3
Added Net: Name=nRESET
Added Pin To Net: NetName=RX_N Pin=R11-1
Added Pin To Net: NetName=RX_N Pin=T1-6
Added Pin To Net: NetName=RX_N Pin=U2-12
Added Net: Name=RX_N
Added Pin To Net: NetName=RX_P Pin=R10-1
Added Pin To Net: NetName=RX_P Pin=T1-8
Added Pin To Net: NetName=RX_P Pin=U2-11
Added Net: Name=RX_P
Added Pin To Net: NetName=RxD Pin=CON?-4
Added Pin To Net: NetName=RxD Pin=U1-37
Added Net: Name=RxD
Added Pin To Net: NetName=TX_N Pin=R20-1
Added Pin To Net: NetName=TX_N Pin=T1-1
Added Pin To Net: NetName=TX_N Pin=U2-15
Added Net: Name=TX_N
Added Pin To Net: NetName=TX_P Pin=R21-1
Added Pin To Net: NetName=TX_P Pin=T1-3
Added Pin To Net: NetName=TX_P Pin=U2-14
Added Net: Name=TX_P
Added Pin To Net: NetName=TxD Pin=CON?-3
Added Pin To Net: NetName=TxD Pin=U1-36
Added Net: Name=TxD
Added Pin To Net: NetName=USB_D_N Pin=U1-13
Added Pin To Net: NetName=USB_D_N Pin=U4-4
Added Net: Name=USB_D_N
Added Pin To Net: NetName=USB_D_P Pin=U1-14
Added Pin To Net: NetName=USB_D_P Pin=U4-6
Added Net: Name=USB_D_P
Added Pin To Net: NetName=VDD_IO Pin=C8-1
Added Pin To Net: NetName=VDD_IO Pin=C9-1
Added Pin To Net: NetName=VDD_IO Pin=R33-2
Added Pin To Net: NetName=VDD_IO Pin=U2-25
Added Pin To Net: NetName=VDD_IO Pin=U2-30
Added Net: Name=VDD_IO
Added Pin To Net: NetName=VDD Pin=C18-1
Added Pin To Net: NetName=VDD Pin=D2-2
Added Pin To Net: NetName=VDD Pin=EE1-6
Added Pin To Net: NetName=VDD Pin=EE1-8
Added Pin To Net: NetName=VDD Pin=JP1-2
Added Pin To Net: NetName=VDD Pin=JP2-2
Added Pin To Net: NetName=VDD Pin=R1-2
Added Pin To Net: NetName=VDD Pin=R2-2
Added Pin To Net: NetName=VDD Pin=R3-2
Added Pin To Net: NetName=VDD Pin=R13-2
Added Pin To Net: NetName=VDD Pin=R33-1
Added Net: Name=VDD
Added Class: Name=ESP32
Added Class: Name=KSZ8851SNL
Added Class: Name=POWER
Added Differential Pair: Name=RX
Added Differential Pair: Name=TX
Added Differential Pair: Name=USB_D
Added Room: Name=ESP32
Added Room: Name=KSZ8851SNL
Added Room: Name=POWER
