Added Component: Designator=C29(CAP-ALU-SMD-5x5.5x1.4)
Add component (AddParameter): Name = "LatestRevisionDate"; Value = "17-Jul-2002"; VariantName = "[No Variations]"
Add component (AddParameter): Name = "LatestRevisionNote"; Value = "Re-released for DXP Platform."; VariantName = "[No Variations]"
Add component (AddParameter): Name = "PackageReference"; Value = "POLAR0.8"; VariantName = "[No Variations]"
Add component (AddParameter): Name = "Published"; Value = "8-Jun-2000"; VariantName = "[No Variations]"
Add component (AddParameter): Name = "Publisher"; Value = "Altium Limited"; VariantName = "[No Variations]"
Added Component: Designator=C30(CAP-ALU-SMD-5x5.5x1.4)
Add component (AddParameter): Name = "LatestRevisionDate"; Value = "17-Jul-2002"; VariantName = "[No Variations]"
Add component (AddParameter): Name = "LatestRevisionNote"; Value = "Re-released for DXP Platform."; VariantName = "[No Variations]"
Add component (AddParameter): Name = "PackageReference"; Value = "POLAR0.8"; VariantName = "[No Variations]"
Add component (AddParameter): Name = "Published"; Value = "8-Jun-2000"; VariantName = "[No Variations]"
Add component (AddParameter): Name = "Publisher"; Value = "Altium Limited"; VariantName = "[No Variations]"
Added Pin To Net: NetName=+3.3VDC Pin=C29-1
Added Pin To Net: NetName=GND Pin=C29-2
Added Pin To Net: NetName=+1.8VDC Pin=C30-1
Added Pin To Net: NetName=GND Pin=C30-2
Change Net Name : Old Net Name=NetLAN1_1 New Net Name=RX_A_N
Change Net Name : Old Net Name=NetLAN1_2 New Net Name=RX_A_P
Change Net Name : Old Net Name=NetLAN1_3 New Net Name=TX_A_N
Change Net Name : Old Net Name=NetLAN1_6 New Net Name=TX_A_P
Added Differential Pair: Name=RX_A
Added Differential Pair: Name=TX_A
Added Member To Class: ClassName=POWER Member=Component C29 100u
Added Member To Class: ClassName=POWER Member=Component C30 100u
